13:43:16,722  INFO ContextLoader:272 - Root WebApplicationContext: initialization started
13:43:16,824  INFO XmlWebApplicationContext:500 - Refreshing Root WebApplicationContext: startup date [Thu Aug 16 13:43:16 CEST 2012]; root of context hierarchy
13:43:16,935  INFO XmlBeanDefinitionReader:315 - Loading XML bean definitions from ServletContext resource [/WEB-INF/jsf2-context.xml]
13:43:17,128  INFO XmlBeanDefinitionReader:315 - Loading XML bean definitions from URL [jar:file:/home/unclejamal/.m2/repository/com/pduda/tourney/tourney-domain/1.0-SNAPSHOT/tourney-domain-1.0-SNAPSHOT.jar!/com/pduda/tourney/persistence-context.xml]
13:43:17,275  INFO ClassPathBeanDefinitionScanner:210 - JSR-330 'javax.inject.Named' annotation found and supported for component scanning
13:43:17,435  INFO ClassPathBeanDefinitionScanner:210 - JSR-330 'javax.inject.Named' annotation found and supported for component scanning
13:43:17,736  INFO PropertyPlaceholderConfigurer:177 - Loading properties file from URL [jar:file:/home/unclejamal/.m2/repository/com/pduda/tourney/tourney-domain/1.0-SNAPSHOT/tourney-domain-1.0-SNAPSHOT.jar!/com/pduda/tourney/persistence.properties]
13:43:17,764  INFO AutowiredAnnotationBeanPostProcessor:139 - JSR-330 'javax.inject.Inject' annotation found and supported for autowiring
13:43:17,788  INFO DefaultListableBeanFactory:581 - Pre-instantiating singletons in org.springframework.beans.factory.support.DefaultListableBeanFactory@446d853d: defining beans [org.springframework.context.config.internalBeanConfigurerAspect,org.springframework.context.annotation.internalConfigurationAnnotationProcessor,org.springframework.context.annotation.internalAutowiredAnnotationProcessor,org.springframework.context.annotation.internalRequiredAnnotationProcessor,org.springframework.context.annotation.internalCommonAnnotationProcessor,org.springframework.context.annotation.internalPersistenceAnnotationProcessor,org.springframework.transaction.config.internalTransactionAspect,rankingCsvLoader,rankings,jpaTourneyRepo,standingsTextReport,wkpsMembership,csvWkpsMembershipReader,wkpsFeeCalculator,defaultFeeHandler,defaultRankingHandler,defaultTourneyHandler,org.springframework.beans.factory.config.PropertyPlaceholderConfigurer#0,dataSource,entityManagerFactory,transactionManager,payments,app,ranking,tourneyMgmt,fullSeedingStrategy,partialSeedingStrategy,seedingStrategyFactory,seededTotalCalculator,randomSeedingStrategy,tourneyCreation,tourneyView,home,org.springframework.beans.factory.config.CustomScopeConfigurer#0,org.springframework.context.annotation.ConfigurationClassPostProcessor$ImportAwareBeanPostProcessor#0]; root of factory hierarchy
13:43:17,955  INFO DefaultListableBeanFactory:433 - Destroying singletons in org.springframework.beans.factory.support.DefaultListableBeanFactory@446d853d: defining beans [org.springframework.context.config.internalBeanConfigurerAspect,org.springframework.context.annotation.internalConfigurationAnnotationProcessor,org.springframework.context.annotation.internalAutowiredAnnotationProcessor,org.springframework.context.annotation.internalRequiredAnnotationProcessor,org.springframework.context.annotation.internalCommonAnnotationProcessor,org.springframework.context.annotation.internalPersistenceAnnotationProcessor,org.springframework.transaction.config.internalTransactionAspect,rankingCsvLoader,rankings,jpaTourneyRepo,standingsTextReport,wkpsMembership,csvWkpsMembershipReader,wkpsFeeCalculator,defaultFeeHandler,defaultRankingHandler,defaultTourneyHandler,org.springframework.beans.factory.config.PropertyPlaceholderConfigurer#0,dataSource,entityManagerFactory,transactionManager,payments,app,ranking,tourneyMgmt,fullSeedingStrategy,partialSeedingStrategy,seedingStrategyFactory,seededTotalCalculator,randomSeedingStrategy,tourneyCreation,tourneyView,home,org.springframework.beans.factory.config.CustomScopeConfigurer#0,org.springframework.context.annotation.ConfigurationClassPostProcessor$ImportAwareBeanPostProcessor#0]; root of factory hierarchy
13:43:17,966 ERROR ContextLoader:307 - Context initialization failed
org.springframework.beans.factory.BeanCreationException: Error creating bean with name 'rankings': Invocation of init method failed; nested exception is java.lang.RuntimeException: shite csv
	at org.springframework.beans.factory.annotation.InitDestroyAnnotationBeanPostProcessor.postProcessBeforeInitialization(InitDestroyAnnotationBeanPostProcessor.java:135)
	at org.springframework.beans.factory.support.AbstractAutowireCapableBeanFactory.applyBeanPostProcessorsBeforeInitialization(AbstractAutowireCapableBeanFactory.java:394)
	at org.springframework.beans.factory.support.AbstractAutowireCapableBeanFactory.initializeBean(AbstractAutowireCapableBeanFactory.java:1448)
	at org.springframework.beans.factory.support.AbstractAutowireCapableBeanFactory.doCreateBean(AbstractAutowireCapableBeanFactory.java:519)
	at org.springframework.beans.factory.support.AbstractAutowireCapableBeanFactory.createBean(AbstractAutowireCapableBeanFactory.java:456)
	at org.springframework.beans.factory.support.AbstractBeanFactory$1.getObject(AbstractBeanFactory.java:294)
	at org.springframework.beans.factory.support.DefaultSingletonBeanRegistry.getSingleton(DefaultSingletonBeanRegistry.java:225)
	at org.springframework.beans.factory.support.AbstractBeanFactory.doGetBean(AbstractBeanFactory.java:291)
	at org.springframework.beans.factory.support.AbstractBeanFactory.getBean(AbstractBeanFactory.java:193)
	at org.springframework.beans.factory.support.DefaultListableBeanFactory.preInstantiateSingletons(DefaultListableBeanFactory.java:609)
	at org.springframework.context.support.AbstractApplicationContext.finishBeanFactoryInitialization(AbstractApplicationContext.java:918)
	at org.springframework.context.support.AbstractApplicationContext.refresh(AbstractApplicationContext.java:469)
	at org.springframework.web.context.ContextLoader.configureAndRefreshWebApplicationContext(ContextLoader.java:383)
	at org.springframework.web.context.ContextLoader.initWebApplicationContext(ContextLoader.java:283)
	at org.springframework.web.context.ContextLoaderListener.contextInitialized(ContextLoaderListener.java:111)
	at org.mortbay.jetty.handler.ContextHandler.startContext(ContextHandler.java:549)
	at org.mortbay.jetty.servlet.Context.startContext(Context.java:136)
	at org.mortbay.jetty.webapp.WebAppContext.startContext(WebAppContext.java:1282)
	at org.mortbay.jetty.handler.ContextHandler.doStart(ContextHandler.java:518)
	at org.mortbay.jetty.webapp.WebAppContext.doStart(WebAppContext.java:499)
	at org.mortbay.jetty.plugin.Jetty6PluginWebAppContext.doStart(Jetty6PluginWebAppContext.java:115)
	at org.mortbay.component.AbstractLifeCycle.start(AbstractLifeCycle.java:50)
	at org.mortbay.jetty.handler.HandlerCollection.doStart(HandlerCollection.java:152)
	at org.mortbay.jetty.handler.ContextHandlerCollection.doStart(ContextHandlerCollection.java:156)
	at org.mortbay.component.AbstractLifeCycle.start(AbstractLifeCycle.java:50)
	at org.mortbay.jetty.handler.HandlerCollection.doStart(HandlerCollection.java:152)
	at org.mortbay.component.AbstractLifeCycle.start(AbstractLifeCycle.java:50)
	at org.mortbay.jetty.handler.HandlerWrapper.doStart(HandlerWrapper.java:130)
	at org.mortbay.jetty.Server.doStart(Server.java:224)
	at org.mortbay.component.AbstractLifeCycle.start(AbstractLifeCycle.java:50)
	at org.mortbay.jetty.plugin.Jetty6PluginServer.start(Jetty6PluginServer.java:132)
	at org.mortbay.jetty.plugin.AbstractJettyMojo.startJetty(AbstractJettyMojo.java:454)
	at org.mortbay.jetty.plugin.AbstractJettyMojo.execute(AbstractJettyMojo.java:396)
	at org.mortbay.jetty.plugin.AbstractJettyRunMojo.execute(AbstractJettyRunMojo.java:210)
	at org.mortbay.jetty.plugin.Jetty6RunMojo.execute(Jetty6RunMojo.java:184)
	at org.apache.maven.plugin.DefaultBuildPluginManager.executeMojo(DefaultBuildPluginManager.java:101)
	at org.apache.maven.lifecycle.internal.MojoExecutor.execute(MojoExecutor.java:209)
	at org.apache.maven.lifecycle.internal.MojoExecutor.execute(MojoExecutor.java:153)
	at org.apache.maven.lifecycle.internal.MojoExecutor.execute(MojoExecutor.java:145)
	at org.apache.maven.lifecycle.internal.LifecycleModuleBuilder.buildProject(LifecycleModuleBuilder.java:84)
	at org.apache.maven.lifecycle.internal.LifecycleModuleBuilder.buildProject(LifecycleModuleBuilder.java:59)
	at org.apache.maven.lifecycle.internal.LifecycleStarter.singleThreadedBuild(LifecycleStarter.java:183)
	at org.apache.maven.lifecycle.internal.LifecycleStarter.execute(LifecycleStarter.java:161)
	at org.apache.maven.DefaultMaven.doExecute(DefaultMaven.java:320)
	at org.apache.maven.DefaultMaven.execute(DefaultMaven.java:156)
	at org.apache.maven.cli.MavenCli.execute(MavenCli.java:537)
	at org.apache.maven.cli.MavenCli.doMain(MavenCli.java:196)
	at org.apache.maven.cli.MavenCli.main(MavenCli.java:141)
	at sun.reflect.NativeMethodAccessorImpl.invoke0(Native Method)
	at sun.reflect.NativeMethodAccessorImpl.invoke(NativeMethodAccessorImpl.java:57)
	at sun.reflect.DelegatingMethodAccessorImpl.invoke(DelegatingMethodAccessorImpl.java:43)
	at java.lang.reflect.Method.invoke(Method.java:601)
	at org.codehaus.plexus.classworlds.launcher.Launcher.launchEnhanced(Launcher.java:290)
	at org.codehaus.plexus.classworlds.launcher.Launcher.launch(Launcher.java:230)
	at org.codehaus.plexus.classworlds.launcher.Launcher.mainWithExitCode(Launcher.java:409)
	at org.codehaus.plexus.classworlds.launcher.Launcher.main(Launcher.java:352)
Caused by: java.lang.RuntimeException: shite csv
	at com.pduda.tourney.domain.ranking.RankingCsvLoader.loadFromFile(RankingCsvLoader.java:22)
	at com.pduda.tourney.domain.ranking.Rankings.loadRankings(Rankings.java:20)
	at sun.reflect.NativeMethodAccessorImpl.invoke0(Native Method)
	at sun.reflect.NativeMethodAccessorImpl.invoke(NativeMethodAccessorImpl.java:57)
	at sun.reflect.DelegatingMethodAccessorImpl.invoke(DelegatingMethodAccessorImpl.java:43)
	at java.lang.reflect.Method.invoke(Method.java:601)
	at org.springframework.beans.factory.annotation.InitDestroyAnnotationBeanPostProcessor$LifecycleElement.invoke(InitDestroyAnnotationBeanPostProcessor.java:346)
	at org.springframework.beans.factory.annotation.InitDestroyAnnotationBeanPostProcessor$LifecycleMetadata.invokeInitMethods(InitDestroyAnnotationBeanPostProcessor.java:299)
	at org.springframework.beans.factory.annotation.InitDestroyAnnotationBeanPostProcessor.postProcessBeforeInitialization(InitDestroyAnnotationBeanPostProcessor.java:132)
	... 55 more
Caused by: java.io.FileNotFoundException: ~/progs/tourneyManager/os.csv (No such file or directory)
	at java.io.FileInputStream.open(Native Method)
	at java.io.FileInputStream.<init>(FileInputStream.java:138)
	at java.io.FileInputStream.<init>(FileInputStream.java:97)
	at com.pduda.tourney.domain.ranking.RankingCsvLoader.loadFromFile(RankingCsvLoader.java:19)
	... 63 more
13:44:21,765  INFO ContextLoader:272 - Root WebApplicationContext: initialization started
13:44:21,886  INFO XmlWebApplicationContext:500 - Refreshing Root WebApplicationContext: startup date [Thu Aug 16 13:44:21 CEST 2012]; root of context hierarchy
13:44:21,972  INFO XmlBeanDefinitionReader:315 - Loading XML bean definitions from ServletContext resource [/WEB-INF/jsf2-context.xml]
13:44:22,178  INFO XmlBeanDefinitionReader:315 - Loading XML bean definitions from URL [jar:file:/home/unclejamal/.m2/repository/com/pduda/tourney/tourney-domain/1.0-SNAPSHOT/tourney-domain-1.0-SNAPSHOT.jar!/com/pduda/tourney/persistence-context.xml]
13:44:22,337  INFO ClassPathBeanDefinitionScanner:210 - JSR-330 'javax.inject.Named' annotation found and supported for component scanning
13:44:22,519  INFO ClassPathBeanDefinitionScanner:210 - JSR-330 'javax.inject.Named' annotation found and supported for component scanning
13:44:22,851  INFO PropertyPlaceholderConfigurer:177 - Loading properties file from URL [jar:file:/home/unclejamal/.m2/repository/com/pduda/tourney/tourney-domain/1.0-SNAPSHOT/tourney-domain-1.0-SNAPSHOT.jar!/com/pduda/tourney/persistence.properties]
13:44:22,881  INFO AutowiredAnnotationBeanPostProcessor:139 - JSR-330 'javax.inject.Inject' annotation found and supported for autowiring
13:44:22,905  INFO DefaultListableBeanFactory:581 - Pre-instantiating singletons in org.springframework.beans.factory.support.DefaultListableBeanFactory@925a5e9: defining beans [org.springframework.context.config.internalBeanConfigurerAspect,org.springframework.context.annotation.internalConfigurationAnnotationProcessor,org.springframework.context.annotation.internalAutowiredAnnotationProcessor,org.springframework.context.annotation.internalRequiredAnnotationProcessor,org.springframework.context.annotation.internalCommonAnnotationProcessor,org.springframework.context.annotation.internalPersistenceAnnotationProcessor,org.springframework.transaction.config.internalTransactionAspect,rankingCsvLoader,rankings,jpaTourneyRepo,standingsTextReport,wkpsMembership,csvWkpsMembershipReader,wkpsFeeCalculator,defaultFeeHandler,defaultRankingHandler,defaultTourneyHandler,org.springframework.beans.factory.config.PropertyPlaceholderConfigurer#0,dataSource,entityManagerFactory,transactionManager,payments,app,ranking,tourneyMgmt,fullSeedingStrategy,partialSeedingStrategy,seedingStrategyFactory,seededTotalCalculator,randomSeedingStrategy,tourneyCreation,tourneyView,home,org.springframework.beans.factory.config.CustomScopeConfigurer#0,org.springframework.context.annotation.ConfigurationClassPostProcessor$ImportAwareBeanPostProcessor#0]; root of factory hierarchy
13:44:23,066  INFO DefaultListableBeanFactory:433 - Destroying singletons in org.springframework.beans.factory.support.DefaultListableBeanFactory@925a5e9: defining beans [org.springframework.context.config.internalBeanConfigurerAspect,org.springframework.context.annotation.internalConfigurationAnnotationProcessor,org.springframework.context.annotation.internalAutowiredAnnotationProcessor,org.springframework.context.annotation.internalRequiredAnnotationProcessor,org.springframework.context.annotation.internalCommonAnnotationProcessor,org.springframework.context.annotation.internalPersistenceAnnotationProcessor,org.springframework.transaction.config.internalTransactionAspect,rankingCsvLoader,rankings,jpaTourneyRepo,standingsTextReport,wkpsMembership,csvWkpsMembershipReader,wkpsFeeCalculator,defaultFeeHandler,defaultRankingHandler,defaultTourneyHandler,org.springframework.beans.factory.config.PropertyPlaceholderConfigurer#0,dataSource,entityManagerFactory,transactionManager,payments,app,ranking,tourneyMgmt,fullSeedingStrategy,partialSeedingStrategy,seedingStrategyFactory,seededTotalCalculator,randomSeedingStrategy,tourneyCreation,tourneyView,home,org.springframework.beans.factory.config.CustomScopeConfigurer#0,org.springframework.context.annotation.ConfigurationClassPostProcessor$ImportAwareBeanPostProcessor#0]; root of factory hierarchy
13:44:23,078 ERROR ContextLoader:307 - Context initialization failed
org.springframework.beans.factory.BeanCreationException: Error creating bean with name 'rankings': Invocation of init method failed; nested exception is java.lang.RuntimeException: shite csv
	at org.springframework.beans.factory.annotation.InitDestroyAnnotationBeanPostProcessor.postProcessBeforeInitialization(InitDestroyAnnotationBeanPostProcessor.java:135)
	at org.springframework.beans.factory.support.AbstractAutowireCapableBeanFactory.applyBeanPostProcessorsBeforeInitialization(AbstractAutowireCapableBeanFactory.java:394)
	at org.springframework.beans.factory.support.AbstractAutowireCapableBeanFactory.initializeBean(AbstractAutowireCapableBeanFactory.java:1448)
	at org.springframework.beans.factory.support.AbstractAutowireCapableBeanFactory.doCreateBean(AbstractAutowireCapableBeanFactory.java:519)
	at org.springframework.beans.factory.support.AbstractAutowireCapableBeanFactory.createBean(AbstractAutowireCapableBeanFactory.java:456)
	at org.springframework.beans.factory.support.AbstractBeanFactory$1.getObject(AbstractBeanFactory.java:294)
	at org.springframework.beans.factory.support.DefaultSingletonBeanRegistry.getSingleton(DefaultSingletonBeanRegistry.java:225)
	at org.springframework.beans.factory.support.AbstractBeanFactory.doGetBean(AbstractBeanFactory.java:291)
	at org.springframework.beans.factory.support.AbstractBeanFactory.getBean(AbstractBeanFactory.java:193)
	at org.springframework.beans.factory.support.DefaultListableBeanFactory.preInstantiateSingletons(DefaultListableBeanFactory.java:609)
	at org.springframework.context.support.AbstractApplicationContext.finishBeanFactoryInitialization(AbstractApplicationContext.java:918)
	at org.springframework.context.support.AbstractApplicationContext.refresh(AbstractApplicationContext.java:469)
	at org.springframework.web.context.ContextLoader.configureAndRefreshWebApplicationContext(ContextLoader.java:383)
	at org.springframework.web.context.ContextLoader.initWebApplicationContext(ContextLoader.java:283)
	at org.springframework.web.context.ContextLoaderListener.contextInitialized(ContextLoaderListener.java:111)
	at org.mortbay.jetty.handler.ContextHandler.startContext(ContextHandler.java:549)
	at org.mortbay.jetty.servlet.Context.startContext(Context.java:136)
	at org.mortbay.jetty.webapp.WebAppContext.startContext(WebAppContext.java:1282)
	at org.mortbay.jetty.handler.ContextHandler.doStart(ContextHandler.java:518)
	at org.mortbay.jetty.webapp.WebAppContext.doStart(WebAppContext.java:499)
	at org.mortbay.jetty.plugin.Jetty6PluginWebAppContext.doStart(Jetty6PluginWebAppContext.java:115)
	at org.mortbay.component.AbstractLifeCycle.start(AbstractLifeCycle.java:50)
	at org.mortbay.jetty.handler.HandlerCollection.doStart(HandlerCollection.java:152)
	at org.mortbay.jetty.handler.ContextHandlerCollection.doStart(ContextHandlerCollection.java:156)
	at org.mortbay.component.AbstractLifeCycle.start(AbstractLifeCycle.java:50)
	at org.mortbay.jetty.handler.HandlerCollection.doStart(HandlerCollection.java:152)
	at org.mortbay.component.AbstractLifeCycle.start(AbstractLifeCycle.java:50)
	at org.mortbay.jetty.handler.HandlerWrapper.doStart(HandlerWrapper.java:130)
	at org.mortbay.jetty.Server.doStart(Server.java:224)
	at org.mortbay.component.AbstractLifeCycle.start(AbstractLifeCycle.java:50)
	at org.mortbay.jetty.plugin.Jetty6PluginServer.start(Jetty6PluginServer.java:132)
	at org.mortbay.jetty.plugin.AbstractJettyMojo.startJetty(AbstractJettyMojo.java:454)
	at org.mortbay.jetty.plugin.AbstractJettyMojo.execute(AbstractJettyMojo.java:396)
	at org.mortbay.jetty.plugin.AbstractJettyRunMojo.execute(AbstractJettyRunMojo.java:210)
	at org.mortbay.jetty.plugin.Jetty6RunMojo.execute(Jetty6RunMojo.java:184)
	at org.apache.maven.plugin.DefaultBuildPluginManager.executeMojo(DefaultBuildPluginManager.java:101)
	at org.apache.maven.lifecycle.internal.MojoExecutor.execute(MojoExecutor.java:209)
	at org.apache.maven.lifecycle.internal.MojoExecutor.execute(MojoExecutor.java:153)
	at org.apache.maven.lifecycle.internal.MojoExecutor.execute(MojoExecutor.java:145)
	at org.apache.maven.lifecycle.internal.LifecycleModuleBuilder.buildProject(LifecycleModuleBuilder.java:84)
	at org.apache.maven.lifecycle.internal.LifecycleModuleBuilder.buildProject(LifecycleModuleBuilder.java:59)
	at org.apache.maven.lifecycle.internal.LifecycleStarter.singleThreadedBuild(LifecycleStarter.java:183)
	at org.apache.maven.lifecycle.internal.LifecycleStarter.execute(LifecycleStarter.java:161)
	at org.apache.maven.DefaultMaven.doExecute(DefaultMaven.java:320)
	at org.apache.maven.DefaultMaven.execute(DefaultMaven.java:156)
	at org.apache.maven.cli.MavenCli.execute(MavenCli.java:537)
	at org.apache.maven.cli.MavenCli.doMain(MavenCli.java:196)
	at org.apache.maven.cli.MavenCli.main(MavenCli.java:141)
	at sun.reflect.NativeMethodAccessorImpl.invoke0(Native Method)
	at sun.reflect.NativeMethodAccessorImpl.invoke(NativeMethodAccessorImpl.java:57)
	at sun.reflect.DelegatingMethodAccessorImpl.invoke(DelegatingMethodAccessorImpl.java:43)
	at java.lang.reflect.Method.invoke(Method.java:601)
	at org.codehaus.plexus.classworlds.launcher.Launcher.launchEnhanced(Launcher.java:290)
	at org.codehaus.plexus.classworlds.launcher.Launcher.launch(Launcher.java:230)
	at org.codehaus.plexus.classworlds.launcher.Launcher.mainWithExitCode(Launcher.java:409)
	at org.codehaus.plexus.classworlds.launcher.Launcher.main(Launcher.java:352)
Caused by: java.lang.RuntimeException: shite csv
	at com.pduda.tourney.domain.ranking.RankingCsvLoader.loadFromFile(RankingCsvLoader.java:22)
	at com.pduda.tourney.domain.ranking.Rankings.loadRankings(Rankings.java:20)
	at sun.reflect.NativeMethodAccessorImpl.invoke0(Native Method)
	at sun.reflect.NativeMethodAccessorImpl.invoke(NativeMethodAccessorImpl.java:57)
	at sun.reflect.DelegatingMethodAccessorImpl.invoke(DelegatingMethodAccessorImpl.java:43)
	at java.lang.reflect.Method.invoke(Method.java:601)
	at org.springframework.beans.factory.annotation.InitDestroyAnnotationBeanPostProcessor$LifecycleElement.invoke(InitDestroyAnnotationBeanPostProcessor.java:346)
	at org.springframework.beans.factory.annotation.InitDestroyAnnotationBeanPostProcessor$LifecycleMetadata.invokeInitMethods(InitDestroyAnnotationBeanPostProcessor.java:299)
	at org.springframework.beans.factory.annotation.InitDestroyAnnotationBeanPostProcessor.postProcessBeforeInitialization(InitDestroyAnnotationBeanPostProcessor.java:132)
	... 55 more
Caused by: java.io.FileNotFoundException: ~/progs/tourneyManager/os.csv (No such file or directory)
	at java.io.FileInputStream.open(Native Method)
	at java.io.FileInputStream.<init>(FileInputStream.java:138)
	at java.io.FileInputStream.<init>(FileInputStream.java:97)
	at com.pduda.tourney.domain.ranking.RankingCsvLoader.loadFromFile(RankingCsvLoader.java:19)
	... 63 more
13:50:27,480  INFO ContextLoader:272 - Root WebApplicationContext: initialization started
13:50:27,588  INFO XmlWebApplicationContext:500 - Refreshing Root WebApplicationContext: startup date [Thu Aug 16 13:50:27 CEST 2012]; root of context hierarchy
13:50:27,667  INFO XmlBeanDefinitionReader:315 - Loading XML bean definitions from ServletContext resource [/WEB-INF/jsf2-context.xml]
13:50:27,858  INFO XmlBeanDefinitionReader:315 - Loading XML bean definitions from URL [jar:file:/home/unclejamal/.m2/repository/com/pduda/tourney/tourney-domain/1.0-SNAPSHOT/tourney-domain-1.0-SNAPSHOT.jar!/com/pduda/tourney/persistence-context.xml]
13:50:28,009  INFO ClassPathBeanDefinitionScanner:210 - JSR-330 'javax.inject.Named' annotation found and supported for component scanning
13:50:28,183  INFO ClassPathBeanDefinitionScanner:210 - JSR-330 'javax.inject.Named' annotation found and supported for component scanning
13:50:28,492  INFO PropertyPlaceholderConfigurer:177 - Loading properties file from URL [jar:file:/home/unclejamal/.m2/repository/com/pduda/tourney/tourney-domain/1.0-SNAPSHOT/tourney-domain-1.0-SNAPSHOT.jar!/com/pduda/tourney/persistence.properties]
13:50:28,520  INFO AutowiredAnnotationBeanPostProcessor:139 - JSR-330 'javax.inject.Inject' annotation found and supported for autowiring
13:50:28,543  INFO DefaultListableBeanFactory:581 - Pre-instantiating singletons in org.springframework.beans.factory.support.DefaultListableBeanFactory@3ad54d4d: defining beans [org.springframework.context.config.internalBeanConfigurerAspect,org.springframework.context.annotation.internalConfigurationAnnotationProcessor,org.springframework.context.annotation.internalAutowiredAnnotationProcessor,org.springframework.context.annotation.internalRequiredAnnotationProcessor,org.springframework.context.annotation.internalCommonAnnotationProcessor,org.springframework.context.annotation.internalPersistenceAnnotationProcessor,org.springframework.transaction.config.internalTransactionAspect,rankingCsvLoader,rankings,jpaTourneyRepo,standingsTextReport,wkpsMembership,csvWkpsMembershipReader,wkpsFeeCalculator,defaultFeeHandler,defaultRankingHandler,defaultTourneyHandler,org.springframework.beans.factory.config.PropertyPlaceholderConfigurer#0,dataSource,entityManagerFactory,transactionManager,payments,app,ranking,tourneyMgmt,fullSeedingStrategy,partialSeedingStrategy,seedingStrategyFactory,seededTotalCalculator,randomSeedingStrategy,tourneyCreation,tourneyView,home,org.springframework.beans.factory.config.CustomScopeConfigurer#0,org.springframework.context.annotation.ConfigurationClassPostProcessor$ImportAwareBeanPostProcessor#0]; root of factory hierarchy
13:50:29,607  INFO LocalContainerEntityManagerFactoryBean:264 - Building JPA container EntityManagerFactory for persistence unit 'tourney-PU'
13:50:31,984 ERROR SchemaExport:425 - HHH000389: Unsuccessful: alter table fixture_2ko drop constraint FKCD7C5E09217DA82
13:50:31,985 ERROR SchemaExport:426 - user lacks privilege or object not found: PUBLIC.FIXTURE_2KO
13:50:31,986 ERROR SchemaExport:425 - HHH000389: Unsuccessful: alter table fixture_2ko drop constraint FKCD7C5E0A8F61092
13:50:31,986 ERROR SchemaExport:426 - user lacks privilege or object not found: PUBLIC.FIXTURE_2KO
13:50:31,987 ERROR SchemaExport:425 - HHH000389: Unsuccessful: alter table fixture_2ko drop constraint FKCD7C5E09A327799
13:50:31,988 ERROR SchemaExport:426 - user lacks privilege or object not found: PUBLIC.FIXTURE_2KO
13:50:31,990 ERROR SchemaExport:425 - HHH000389: Unsuccessful: alter table fixture_2ko drop constraint FKCD7C5E09A32779A
13:50:31,991 ERROR SchemaExport:426 - user lacks privilege or object not found: PUBLIC.FIXTURE_2KO
13:50:31,992 ERROR SchemaExport:425 - HHH000389: Unsuccessful: alter table fixture_2ko_bracket drop constraint FK3FE439499A3376F2
13:50:31,992 ERROR SchemaExport:426 - user lacks privilege or object not found: PUBLIC.FIXTURE_2KO_BRACKET
13:50:31,993 ERROR SchemaExport:425 - HHH000389: Unsuccessful: alter table fixture_2ko_bracket drop constraint FK3FE439499A306501
13:50:31,993 ERROR SchemaExport:426 - user lacks privilege or object not found: PUBLIC.FIXTURE_2KO_BRACKET
13:50:31,994 ERROR SchemaExport:425 - HHH000389: Unsuccessful: alter table fixture_2ko_bracket drop constraint FK3FE439495025E0A1
13:50:31,995 ERROR SchemaExport:426 - user lacks privilege or object not found: PUBLIC.FIXTURE_2KO_BRACKET
13:50:31,996 ERROR SchemaExport:425 - HHH000389: Unsuccessful: alter table game drop constraint FK304BF2CD6AF676
13:50:31,996 ERROR SchemaExport:426 - user lacks privilege or object not found: PUBLIC.GAME
13:50:31,997 ERROR SchemaExport:425 - HHH000389: Unsuccessful: alter table game drop constraint FK304BF2CD6E0867
13:50:31,998 ERROR SchemaExport:426 - user lacks privilege or object not found: PUBLIC.GAME
13:50:31,999 ERROR SchemaExport:425 - HHH000389: Unsuccessful: alter table game drop constraint FK304BF2A8F8AB25
13:50:31,999 ERROR SchemaExport:426 - user lacks privilege or object not found: PUBLIC.GAME
13:50:32,000 ERROR SchemaExport:425 - HHH000389: Unsuccessful: alter table team_members drop constraint FKB0CF0537D822ED43
13:50:32,001 ERROR SchemaExport:426 - user lacks privilege or object not found: PUBLIC.TEAM_MEMBERS
13:50:32,002 ERROR SchemaExport:425 - HHH000389: Unsuccessful: alter table team_members drop constraint FKB0CF0537C18BCE43
13:50:32,002 ERROR SchemaExport:426 - user lacks privilege or object not found: PUBLIC.TEAM_MEMBERS
13:50:32,003 ERROR SchemaExport:425 - HHH000389: Unsuccessful: alter table tourney drop constraint FKBC63004AF0601FC2
13:50:32,004 ERROR SchemaExport:426 - user lacks privilege or object not found: PUBLIC.TOURNEY
13:50:32,005 ERROR SchemaExport:425 - HHH000389: Unsuccessful: alter table tourney_tables drop constraint FK923B33FA2CD4DF6B
13:50:32,005 ERROR SchemaExport:426 - user lacks privilege or object not found: PUBLIC.TOURNEY_TABLES
13:50:32,006 ERROR SchemaExport:425 - HHH000389: Unsuccessful: alter table tourney_tables drop constraint FK923B33FAA8E42B3E
13:50:32,007 ERROR SchemaExport:426 - user lacks privilege or object not found: PUBLIC.TOURNEY_TABLES
13:50:32,008 ERROR SchemaExport:425 - HHH000389: Unsuccessful: alter table tourney_teams drop constraint FK995E8D81DE7EB49C
13:50:32,008 ERROR SchemaExport:426 - user lacks privilege or object not found: PUBLIC.TOURNEY_TEAMS
13:50:32,009 ERROR SchemaExport:425 - HHH000389: Unsuccessful: alter table tourney_teams drop constraint FK995E8D812CD4DF6B
13:50:32,010 ERROR SchemaExport:426 - user lacks privilege or object not found: PUBLIC.TOURNEY_TEAMS
13:50:33,667  INFO ContextLoader:301 - Root WebApplicationContext: initialization completed in 6183 ms
13:50:52,370 DEBUG AnnotationTransactionAttributeSource:106 - Adding transactional method 'getTournaments' with attribute: PROPAGATION_REQUIRED,ISOLATION_DEFAULT; ''
13:50:52,524 TRACE TransactionSynchronizationManager:193 - Bound value [org.springframework.orm.jpa.EntityManagerHolder@30a91d69] for key [org.springframework.orm.jpa.LocalContainerEntityManagerFactoryBean@2ec9f174] to thread [108809960@qtp-160037062-2]
13:50:52,525 TRACE TransactionSynchronizationManager:272 - Initializing transaction synchronization
13:50:52,526 TRACE AnnotationTransactionAspect:363 - Getting transaction for [com.pduda.tourney.domain.service.DefaultTourneyHandler.getTournaments]
13:50:52,536 TRACE TransactionSynchronizationManager:140 - Retrieved value [org.springframework.orm.jpa.EntityManagerHolder@30a91d69] for key [org.springframework.orm.jpa.LocalContainerEntityManagerFactoryBean@2ec9f174] bound to thread [108809960@qtp-160037062-2]
13:50:52,712 TRACE TransactionSynchronizationManager:140 - Retrieved value [org.springframework.orm.jpa.EntityManagerHolder@30a91d69] for key [org.springframework.orm.jpa.LocalContainerEntityManagerFactoryBean@2ec9f174] bound to thread [108809960@qtp-160037062-2]
13:50:52,832 TRACE AnnotationTransactionAspect:392 - Completing transaction for [com.pduda.tourney.domain.service.DefaultTourneyHandler.getTournaments]
13:50:52,835 TRACE TransactionSynchronizationManager:331 - Clearing transaction synchronization
13:50:52,835 TRACE TransactionSynchronizationManager:243 - Removed value [org.springframework.orm.jpa.EntityManagerHolder@30a91d69] for key [org.springframework.orm.jpa.LocalContainerEntityManagerFactoryBean@2ec9f174] from thread [108809960@qtp-160037062-2]
13:51:17,269 TRACE TransactionSynchronizationManager:193 - Bound value [org.springframework.orm.jpa.EntityManagerHolder@1fd6324a] for key [org.springframework.orm.jpa.LocalContainerEntityManagerFactoryBean@2ec9f174] to thread [150009380@qtp-160037062-5]
13:51:17,271 TRACE TransactionSynchronizationManager:272 - Initializing transaction synchronization
13:51:17,271 TRACE AnnotationTransactionAspect:363 - Getting transaction for [com.pduda.tourney.domain.service.DefaultTourneyHandler.getTournaments]
13:51:17,272 TRACE TransactionSynchronizationManager:140 - Retrieved value [org.springframework.orm.jpa.EntityManagerHolder@1fd6324a] for key [org.springframework.orm.jpa.LocalContainerEntityManagerFactoryBean@2ec9f174] bound to thread [150009380@qtp-160037062-5]
13:51:17,272 TRACE TransactionSynchronizationManager:140 - Retrieved value [org.springframework.orm.jpa.EntityManagerHolder@1fd6324a] for key [org.springframework.orm.jpa.LocalContainerEntityManagerFactoryBean@2ec9f174] bound to thread [150009380@qtp-160037062-5]
13:51:17,275 TRACE AnnotationTransactionAspect:392 - Completing transaction for [com.pduda.tourney.domain.service.DefaultTourneyHandler.getTournaments]
13:51:17,276 TRACE TransactionSynchronizationManager:331 - Clearing transaction synchronization
13:51:17,276 TRACE TransactionSynchronizationManager:243 - Removed value [org.springframework.orm.jpa.EntityManagerHolder@1fd6324a] for key [org.springframework.orm.jpa.LocalContainerEntityManagerFactoryBean@2ec9f174] from thread [150009380@qtp-160037062-5]
13:51:29,353 DEBUG AnnotationTransactionAttributeSource:106 - Adding transactional method 'getTournament' with attribute: PROPAGATION_REQUIRED,ISOLATION_DEFAULT; ''
13:51:29,354 TRACE TransactionSynchronizationManager:193 - Bound value [org.springframework.orm.jpa.EntityManagerHolder@16516dfd] for key [org.springframework.orm.jpa.LocalContainerEntityManagerFactoryBean@2ec9f174] to thread [1262909081@qtp-160037062-8]
13:51:29,355 TRACE TransactionSynchronizationManager:272 - Initializing transaction synchronization
13:51:29,356 TRACE AnnotationTransactionAspect:363 - Getting transaction for [com.pduda.tourney.domain.service.DefaultTourneyHandler.getTournament]
13:51:29,358 TRACE TransactionSynchronizationManager:140 - Retrieved value [org.springframework.orm.jpa.EntityManagerHolder@16516dfd] for key [org.springframework.orm.jpa.LocalContainerEntityManagerFactoryBean@2ec9f174] bound to thread [1262909081@qtp-160037062-8]
13:51:29,394 TRACE AnnotationTransactionAspect:392 - Completing transaction for [com.pduda.tourney.domain.service.DefaultTourneyHandler.getTournament]
13:51:29,395 TRACE TransactionSynchronizationManager:331 - Clearing transaction synchronization
13:51:29,396 TRACE TransactionSynchronizationManager:243 - Removed value [org.springframework.orm.jpa.EntityManagerHolder@16516dfd] for key [org.springframework.orm.jpa.LocalContainerEntityManagerFactoryBean@2ec9f174] from thread [1262909081@qtp-160037062-8]
13:51:29,417 TRACE TransactionSynchronizationManager:193 - Bound value [org.springframework.orm.jpa.EntityManagerHolder@77e69cb6] for key [org.springframework.orm.jpa.LocalContainerEntityManagerFactoryBean@2ec9f174] to thread [1262909081@qtp-160037062-8]
13:51:29,418 TRACE TransactionSynchronizationManager:272 - Initializing transaction synchronization
13:51:29,418 TRACE AnnotationTransactionAspect:363 - Getting transaction for [com.pduda.tourney.domain.service.DefaultTourneyHandler.getTournament]
13:51:29,420 TRACE TransactionSynchronizationManager:140 - Retrieved value [org.springframework.orm.jpa.EntityManagerHolder@77e69cb6] for key [org.springframework.orm.jpa.LocalContainerEntityManagerFactoryBean@2ec9f174] bound to thread [1262909081@qtp-160037062-8]
13:51:29,436 TRACE AnnotationTransactionAspect:392 - Completing transaction for [com.pduda.tourney.domain.service.DefaultTourneyHandler.getTournament]
13:51:29,437 TRACE TransactionSynchronizationManager:331 - Clearing transaction synchronization
13:51:29,438 TRACE TransactionSynchronizationManager:243 - Removed value [org.springframework.orm.jpa.EntityManagerHolder@77e69cb6] for key [org.springframework.orm.jpa.LocalContainerEntityManagerFactoryBean@2ec9f174] from thread [1262909081@qtp-160037062-8]
13:51:29,440 TRACE TransactionSynchronizationManager:193 - Bound value [org.springframework.orm.jpa.EntityManagerHolder@4c5e5e0a] for key [org.springframework.orm.jpa.LocalContainerEntityManagerFactoryBean@2ec9f174] to thread [1262909081@qtp-160037062-8]
13:51:29,440 TRACE TransactionSynchronizationManager:272 - Initializing transaction synchronization
13:51:29,441 TRACE AnnotationTransactionAspect:363 - Getting transaction for [com.pduda.tourney.domain.service.DefaultTourneyHandler.getTournament]
13:51:29,443 TRACE TransactionSynchronizationManager:140 - Retrieved value [org.springframework.orm.jpa.EntityManagerHolder@4c5e5e0a] for key [org.springframework.orm.jpa.LocalContainerEntityManagerFactoryBean@2ec9f174] bound to thread [1262909081@qtp-160037062-8]
13:51:29,457 TRACE AnnotationTransactionAspect:392 - Completing transaction for [com.pduda.tourney.domain.service.DefaultTourneyHandler.getTournament]
13:51:29,458 TRACE TransactionSynchronizationManager:331 - Clearing transaction synchronization
13:51:29,458 TRACE TransactionSynchronizationManager:243 - Removed value [org.springframework.orm.jpa.EntityManagerHolder@4c5e5e0a] for key [org.springframework.orm.jpa.LocalContainerEntityManagerFactoryBean@2ec9f174] from thread [1262909081@qtp-160037062-8]
13:51:29,460 TRACE TransactionSynchronizationManager:193 - Bound value [org.springframework.orm.jpa.EntityManagerHolder@677d1979] for key [org.springframework.orm.jpa.LocalContainerEntityManagerFactoryBean@2ec9f174] to thread [1262909081@qtp-160037062-8]
13:51:29,461 TRACE TransactionSynchronizationManager:272 - Initializing transaction synchronization
13:51:29,462 TRACE AnnotationTransactionAspect:363 - Getting transaction for [com.pduda.tourney.domain.service.DefaultTourneyHandler.getTournament]
13:51:29,463 TRACE TransactionSynchronizationManager:140 - Retrieved value [org.springframework.orm.jpa.EntityManagerHolder@677d1979] for key [org.springframework.orm.jpa.LocalContainerEntityManagerFactoryBean@2ec9f174] bound to thread [1262909081@qtp-160037062-8]
13:51:29,476 TRACE AnnotationTransactionAspect:392 - Completing transaction for [com.pduda.tourney.domain.service.DefaultTourneyHandler.getTournament]
13:51:29,477 TRACE TransactionSynchronizationManager:331 - Clearing transaction synchronization
13:51:29,478 TRACE TransactionSynchronizationManager:243 - Removed value [org.springframework.orm.jpa.EntityManagerHolder@677d1979] for key [org.springframework.orm.jpa.LocalContainerEntityManagerFactoryBean@2ec9f174] from thread [1262909081@qtp-160037062-8]
14:02:16,025  INFO XmlWebApplicationContext:1025 - Closing Root WebApplicationContext: startup date [Thu Aug 16 13:50:27 CEST 2012]; root of context hierarchy
14:02:16,026  INFO DefaultListableBeanFactory:433 - Destroying singletons in org.springframework.beans.factory.support.DefaultListableBeanFactory@3ad54d4d: defining beans [org.springframework.context.config.internalBeanConfigurerAspect,org.springframework.context.annotation.internalConfigurationAnnotationProcessor,org.springframework.context.annotation.internalAutowiredAnnotationProcessor,org.springframework.context.annotation.internalRequiredAnnotationProcessor,org.springframework.context.annotation.internalCommonAnnotationProcessor,org.springframework.context.annotation.internalPersistenceAnnotationProcessor,org.springframework.transaction.config.internalTransactionAspect,rankingCsvLoader,rankings,jpaTourneyRepo,standingsTextReport,wkpsMembership,csvWkpsMembershipReader,wkpsFeeCalculator,defaultFeeHandler,defaultRankingHandler,defaultTourneyHandler,org.springframework.beans.factory.config.PropertyPlaceholderConfigurer#0,dataSource,entityManagerFactory,transactionManager,payments,app,ranking,tourneyMgmt,fullSeedingStrategy,partialSeedingStrategy,seedingStrategyFactory,seededTotalCalculator,randomSeedingStrategy,tourneyCreation,tourneyView,home,org.springframework.beans.factory.config.CustomScopeConfigurer#0,org.springframework.context.annotation.ConfigurationClassPostProcessor$ImportAwareBeanPostProcessor#0]; root of factory hierarchy
14:02:16,029  INFO LocalContainerEntityManagerFactoryBean:441 - Closing JPA EntityManagerFactory for persistence unit 'tourney-PU'
18:08:33,331  INFO ContextLoader:272 - Root WebApplicationContext: initialization started
18:08:33,373  INFO XmlWebApplicationContext:500 - Refreshing Root WebApplicationContext: startup date [Fri Aug 24 18:08:33 CEST 2012]; root of context hierarchy
18:08:33,401  INFO XmlBeanDefinitionReader:315 - Loading XML bean definitions from ServletContext resource [/WEB-INF/jsf2-context.xml]
18:08:33,472  INFO XmlBeanDefinitionReader:315 - Loading XML bean definitions from URL [jar:file:/home/unclejamal/.m2/repository/com/pduda/tourney/tourney-domain/1.0-SNAPSHOT/tourney-domain-1.0-SNAPSHOT.jar!/com/pduda/tourney/persistence-context.xml]
18:08:33,526  INFO ClassPathBeanDefinitionScanner:210 - JSR-330 'javax.inject.Named' annotation found and supported for component scanning
18:08:33,589  INFO ClassPathBeanDefinitionScanner:210 - JSR-330 'javax.inject.Named' annotation found and supported for component scanning
18:08:33,701  INFO PropertyPlaceholderConfigurer:177 - Loading properties file from URL [jar:file:/home/unclejamal/.m2/repository/com/pduda/tourney/tourney-domain/1.0-SNAPSHOT/tourney-domain-1.0-SNAPSHOT.jar!/com/pduda/tourney/persistence.properties]
18:08:33,712  INFO AutowiredAnnotationBeanPostProcessor:139 - JSR-330 'javax.inject.Inject' annotation found and supported for autowiring
18:08:33,721  INFO DefaultListableBeanFactory:581 - Pre-instantiating singletons in org.springframework.beans.factory.support.DefaultListableBeanFactory@3626e41a: defining beans [org.springframework.context.config.internalBeanConfigurerAspect,org.springframework.context.annotation.internalConfigurationAnnotationProcessor,org.springframework.context.annotation.internalAutowiredAnnotationProcessor,org.springframework.context.annotation.internalRequiredAnnotationProcessor,org.springframework.context.annotation.internalCommonAnnotationProcessor,org.springframework.context.annotation.internalPersistenceAnnotationProcessor,org.springframework.transaction.config.internalTransactionAspect,rankingCsvLoader,rankings,jpaTourneyRepo,standingsTextReport,wkpsMembership,csvWkpsMembershipReader,wkpsFeeCalculator,defaultFeeHandler,defaultRankingHandler,defaultTourneyHandler,org.springframework.beans.factory.config.PropertyPlaceholderConfigurer#0,dataSource,entityManagerFactory,transactionManager,payments,app,ranking,tourneyMgmt,fullSeedingStrategy,partialSeedingStrategy,seedingStrategyFactory,seededTotalCalculator,randomSeedingStrategy,tourneyCreation,tourneyView,home,org.springframework.beans.factory.config.CustomScopeConfigurer#0,org.springframework.context.annotation.ConfigurationClassPostProcessor$ImportAwareBeanPostProcessor#0]; root of factory hierarchy
18:08:34,122  INFO LocalContainerEntityManagerFactoryBean:264 - Building JPA container EntityManagerFactory for persistence unit 'tourney-PU'
18:08:34,977 ERROR SchemaExport:425 - HHH000389: Unsuccessful: alter table fixture_2ko drop constraint FKCD7C5E09217DA82
18:08:34,978 ERROR SchemaExport:426 - user lacks privilege or object not found: PUBLIC.FIXTURE_2KO
18:08:34,978 ERROR SchemaExport:425 - HHH000389: Unsuccessful: alter table fixture_2ko drop constraint FKCD7C5E0A8F61092
18:08:34,978 ERROR SchemaExport:426 - user lacks privilege or object not found: PUBLIC.FIXTURE_2KO
18:08:34,979 ERROR SchemaExport:425 - HHH000389: Unsuccessful: alter table fixture_2ko drop constraint FKCD7C5E09A327799
18:08:34,979 ERROR SchemaExport:426 - user lacks privilege or object not found: PUBLIC.FIXTURE_2KO
18:08:34,980 ERROR SchemaExport:425 - HHH000389: Unsuccessful: alter table fixture_2ko drop constraint FKCD7C5E09A32779A
18:08:34,980 ERROR SchemaExport:426 - user lacks privilege or object not found: PUBLIC.FIXTURE_2KO
18:08:34,981 ERROR SchemaExport:425 - HHH000389: Unsuccessful: alter table fixture_2ko_bracket drop constraint FK3FE439499A3376F2
18:08:34,981 ERROR SchemaExport:426 - user lacks privilege or object not found: PUBLIC.FIXTURE_2KO_BRACKET
18:08:34,981 ERROR SchemaExport:425 - HHH000389: Unsuccessful: alter table fixture_2ko_bracket drop constraint FK3FE439499A306501
18:08:34,981 ERROR SchemaExport:426 - user lacks privilege or object not found: PUBLIC.FIXTURE_2KO_BRACKET
18:08:34,982 ERROR SchemaExport:425 - HHH000389: Unsuccessful: alter table fixture_2ko_bracket drop constraint FK3FE439495025E0A1
18:08:34,982 ERROR SchemaExport:426 - user lacks privilege or object not found: PUBLIC.FIXTURE_2KO_BRACKET
18:08:34,982 ERROR SchemaExport:425 - HHH000389: Unsuccessful: alter table game drop constraint FK304BF2CD6AF676
18:08:34,983 ERROR SchemaExport:426 - user lacks privilege or object not found: PUBLIC.GAME
18:08:34,983 ERROR SchemaExport:425 - HHH000389: Unsuccessful: alter table game drop constraint FK304BF2CD6E0867
18:08:34,983 ERROR SchemaExport:426 - user lacks privilege or object not found: PUBLIC.GAME
18:08:34,984 ERROR SchemaExport:425 - HHH000389: Unsuccessful: alter table game drop constraint FK304BF2A8F8AB25
18:08:34,984 ERROR SchemaExport:426 - user lacks privilege or object not found: PUBLIC.GAME
18:08:34,984 ERROR SchemaExport:425 - HHH000389: Unsuccessful: alter table team_members drop constraint FKB0CF0537D822ED43
18:08:34,984 ERROR SchemaExport:426 - user lacks privilege or object not found: PUBLIC.TEAM_MEMBERS
18:08:34,985 ERROR SchemaExport:425 - HHH000389: Unsuccessful: alter table team_members drop constraint FKB0CF0537C18BCE43
18:08:34,985 ERROR SchemaExport:426 - user lacks privilege or object not found: PUBLIC.TEAM_MEMBERS
18:08:34,985 ERROR SchemaExport:425 - HHH000389: Unsuccessful: alter table tourney drop constraint FKBC63004AF0601FC2
18:08:34,985 ERROR SchemaExport:426 - user lacks privilege or object not found: PUBLIC.TOURNEY
18:08:34,986 ERROR SchemaExport:425 - HHH000389: Unsuccessful: alter table tourney_tables drop constraint FK923B33FA2CD4DF6B
18:08:34,986 ERROR SchemaExport:426 - user lacks privilege or object not found: PUBLIC.TOURNEY_TABLES
18:08:34,986 ERROR SchemaExport:425 - HHH000389: Unsuccessful: alter table tourney_tables drop constraint FK923B33FAA8E42B3E
18:08:34,986 ERROR SchemaExport:426 - user lacks privilege or object not found: PUBLIC.TOURNEY_TABLES
18:08:34,986 ERROR SchemaExport:425 - HHH000389: Unsuccessful: alter table tourney_teams drop constraint FK995E8D81DE7EB49C
18:08:34,987 ERROR SchemaExport:426 - user lacks privilege or object not found: PUBLIC.TOURNEY_TEAMS
18:08:34,987 ERROR SchemaExport:425 - HHH000389: Unsuccessful: alter table tourney_teams drop constraint FK995E8D812CD4DF6B
18:08:34,987 ERROR SchemaExport:426 - user lacks privilege or object not found: PUBLIC.TOURNEY_TEAMS
18:08:35,928  INFO ContextLoader:301 - Root WebApplicationContext: initialization completed in 2593 ms
18:09:36,210 DEBUG AnnotationTransactionAttributeSource:106 - Adding transactional method 'getTournaments' with attribute: PROPAGATION_REQUIRED,ISOLATION_DEFAULT; ''
18:09:36,246 TRACE TransactionSynchronizationManager:193 - Bound value [org.springframework.orm.jpa.EntityManagerHolder@4c155c72] for key [org.springframework.orm.jpa.LocalContainerEntityManagerFactoryBean@e686764] to thread [1390171653@qtp-1028801535-0]
18:09:36,246 TRACE TransactionSynchronizationManager:272 - Initializing transaction synchronization
18:09:36,246 TRACE AnnotationTransactionAspect:363 - Getting transaction for [com.pduda.tourney.domain.service.DefaultTourneyHandler.getTournaments]
18:09:36,250 TRACE TransactionSynchronizationManager:140 - Retrieved value [org.springframework.orm.jpa.EntityManagerHolder@4c155c72] for key [org.springframework.orm.jpa.LocalContainerEntityManagerFactoryBean@e686764] bound to thread [1390171653@qtp-1028801535-0]
18:09:36,314 TRACE TransactionSynchronizationManager:140 - Retrieved value [org.springframework.orm.jpa.EntityManagerHolder@4c155c72] for key [org.springframework.orm.jpa.LocalContainerEntityManagerFactoryBean@e686764] bound to thread [1390171653@qtp-1028801535-0]
18:09:36,357 TRACE AnnotationTransactionAspect:392 - Completing transaction for [com.pduda.tourney.domain.service.DefaultTourneyHandler.getTournaments]
18:09:36,358 TRACE TransactionSynchronizationManager:331 - Clearing transaction synchronization
18:09:36,359 TRACE TransactionSynchronizationManager:243 - Removed value [org.springframework.orm.jpa.EntityManagerHolder@4c155c72] for key [org.springframework.orm.jpa.LocalContainerEntityManagerFactoryBean@e686764] from thread [1390171653@qtp-1028801535-0]
18:09:39,729 TRACE TransactionSynchronizationManager:193 - Bound value [org.springframework.orm.jpa.EntityManagerHolder@4f98dc60] for key [org.springframework.orm.jpa.LocalContainerEntityManagerFactoryBean@e686764] to thread [1558092800@qtp-1028801535-6]
18:09:39,730 TRACE TransactionSynchronizationManager:272 - Initializing transaction synchronization
18:09:39,730 TRACE AnnotationTransactionAspect:363 - Getting transaction for [com.pduda.tourney.domain.service.DefaultTourneyHandler.getTournaments]
18:09:39,730 TRACE TransactionSynchronizationManager:140 - Retrieved value [org.springframework.orm.jpa.EntityManagerHolder@4f98dc60] for key [org.springframework.orm.jpa.LocalContainerEntityManagerFactoryBean@e686764] bound to thread [1558092800@qtp-1028801535-6]
18:09:39,730 TRACE TransactionSynchronizationManager:140 - Retrieved value [org.springframework.orm.jpa.EntityManagerHolder@4f98dc60] for key [org.springframework.orm.jpa.LocalContainerEntityManagerFactoryBean@e686764] bound to thread [1558092800@qtp-1028801535-6]
18:09:39,731 TRACE AnnotationTransactionAspect:392 - Completing transaction for [com.pduda.tourney.domain.service.DefaultTourneyHandler.getTournaments]
18:09:39,732 TRACE TransactionSynchronizationManager:331 - Clearing transaction synchronization
18:09:39,732 TRACE TransactionSynchronizationManager:243 - Removed value [org.springframework.orm.jpa.EntityManagerHolder@4f98dc60] for key [org.springframework.orm.jpa.LocalContainerEntityManagerFactoryBean@e686764] from thread [1558092800@qtp-1028801535-6]
18:11:17,291 TRACE TransactionSynchronizationManager:193 - Bound value [org.springframework.orm.jpa.EntityManagerHolder@69264ce7] for key [org.springframework.orm.jpa.LocalContainerEntityManagerFactoryBean@e686764] to thread [1558092800@qtp-1028801535-6]
18:11:17,291 TRACE TransactionSynchronizationManager:272 - Initializing transaction synchronization
18:11:17,292 TRACE AnnotationTransactionAspect:363 - Getting transaction for [com.pduda.tourney.domain.service.DefaultTourneyHandler.getTournaments]
18:11:17,292 TRACE TransactionSynchronizationManager:140 - Retrieved value [org.springframework.orm.jpa.EntityManagerHolder@69264ce7] for key [org.springframework.orm.jpa.LocalContainerEntityManagerFactoryBean@e686764] bound to thread [1558092800@qtp-1028801535-6]
18:11:17,292 TRACE TransactionSynchronizationManager:140 - Retrieved value [org.springframework.orm.jpa.EntityManagerHolder@69264ce7] for key [org.springframework.orm.jpa.LocalContainerEntityManagerFactoryBean@e686764] bound to thread [1558092800@qtp-1028801535-6]
18:11:17,294 TRACE AnnotationTransactionAspect:392 - Completing transaction for [com.pduda.tourney.domain.service.DefaultTourneyHandler.getTournaments]
18:11:17,294 TRACE TransactionSynchronizationManager:331 - Clearing transaction synchronization
18:11:17,295 TRACE TransactionSynchronizationManager:243 - Removed value [org.springframework.orm.jpa.EntityManagerHolder@69264ce7] for key [org.springframework.orm.jpa.LocalContainerEntityManagerFactoryBean@e686764] from thread [1558092800@qtp-1028801535-6]
18:11:45,570 DEBUG AnnotationTransactionAttributeSource:106 - Adding transactional method 'createTournament' with attribute: PROPAGATION_REQUIRED,ISOLATION_DEFAULT; ''
18:11:45,570 TRACE TransactionSynchronizationManager:193 - Bound value [org.springframework.orm.jpa.EntityManagerHolder@1ac4c0ee] for key [org.springframework.orm.jpa.LocalContainerEntityManagerFactoryBean@e686764] to thread [1465044327@qtp-1028801535-8]
18:11:45,570 TRACE TransactionSynchronizationManager:272 - Initializing transaction synchronization
18:11:45,571 TRACE AnnotationTransactionAspect:363 - Getting transaction for [com.pduda.tourney.domain.service.DefaultTourneyHandler.createTournament]
18:11:45,571 TRACE TransactionSynchronizationManager:140 - Retrieved value [org.springframework.orm.jpa.EntityManagerHolder@1ac4c0ee] for key [org.springframework.orm.jpa.LocalContainerEntityManagerFactoryBean@e686764] bound to thread [1465044327@qtp-1028801535-8]
18:11:45,574 TRACE TransactionSynchronizationManager:140 - Retrieved value [org.springframework.orm.jpa.EntityManagerHolder@1ac4c0ee] for key [org.springframework.orm.jpa.LocalContainerEntityManagerFactoryBean@e686764] bound to thread [1465044327@qtp-1028801535-8]
18:11:45,577 TRACE TransactionSynchronizationManager:140 - Retrieved value [org.springframework.orm.jpa.EntityManagerHolder@1ac4c0ee] for key [org.springframework.orm.jpa.LocalContainerEntityManagerFactoryBean@e686764] bound to thread [1465044327@qtp-1028801535-8]
18:11:45,613 TRACE AnnotationTransactionAspect:392 - Completing transaction for [com.pduda.tourney.domain.service.DefaultTourneyHandler.createTournament]
18:11:45,626 TRACE TransactionSynchronizationManager:331 - Clearing transaction synchronization
18:11:45,626 TRACE TransactionSynchronizationManager:243 - Removed value [org.springframework.orm.jpa.EntityManagerHolder@1ac4c0ee] for key [org.springframework.orm.jpa.LocalContainerEntityManagerFactoryBean@e686764] from thread [1465044327@qtp-1028801535-8]
18:11:45,694 DEBUG AnnotationTransactionAttributeSource:106 - Adding transactional method 'getTournament' with attribute: PROPAGATION_REQUIRED,ISOLATION_DEFAULT; ''
18:11:45,695 TRACE TransactionSynchronizationManager:193 - Bound value [org.springframework.orm.jpa.EntityManagerHolder@7dab6432] for key [org.springframework.orm.jpa.LocalContainerEntityManagerFactoryBean@e686764] to thread [330200236@qtp-1028801535-7]
18:11:45,695 TRACE TransactionSynchronizationManager:272 - Initializing transaction synchronization
18:11:45,695 TRACE AnnotationTransactionAspect:363 - Getting transaction for [com.pduda.tourney.domain.service.DefaultTourneyHandler.getTournament]
18:11:45,696 TRACE TransactionSynchronizationManager:140 - Retrieved value [org.springframework.orm.jpa.EntityManagerHolder@7dab6432] for key [org.springframework.orm.jpa.LocalContainerEntityManagerFactoryBean@e686764] bound to thread [330200236@qtp-1028801535-7]
18:11:45,720 TRACE AnnotationTransactionAspect:392 - Completing transaction for [com.pduda.tourney.domain.service.DefaultTourneyHandler.getTournament]
18:11:45,722 TRACE TransactionSynchronizationManager:331 - Clearing transaction synchronization
18:11:45,722 TRACE TransactionSynchronizationManager:243 - Removed value [org.springframework.orm.jpa.EntityManagerHolder@7dab6432] for key [org.springframework.orm.jpa.LocalContainerEntityManagerFactoryBean@e686764] from thread [330200236@qtp-1028801535-7]
18:11:48,215 DEBUG AnnotationTransactionAttributeSource:106 - Adding transactional method 'startTourney' with attribute: PROPAGATION_REQUIRED,ISOLATION_DEFAULT; ''
18:11:48,216 TRACE TransactionSynchronizationManager:193 - Bound value [org.springframework.orm.jpa.EntityManagerHolder@422123df] for key [org.springframework.orm.jpa.LocalContainerEntityManagerFactoryBean@e686764] to thread [2019051976@qtp-1028801535-9]
18:11:48,216 TRACE TransactionSynchronizationManager:272 - Initializing transaction synchronization
18:11:48,216 TRACE AnnotationTransactionAspect:363 - Getting transaction for [com.pduda.tourney.domain.service.DefaultTourneyHandler.startTourney]
18:11:48,216 TRACE TransactionSynchronizationManager:140 - Retrieved value [org.springframework.orm.jpa.EntityManagerHolder@422123df] for key [org.springframework.orm.jpa.LocalContainerEntityManagerFactoryBean@e686764] bound to thread [2019051976@qtp-1028801535-9]
18:11:48,233 TRACE AnnotationTransactionAspect:392 - Completing transaction for [com.pduda.tourney.domain.service.DefaultTourneyHandler.startTourney]
18:11:48,263 TRACE TransactionSynchronizationManager:331 - Clearing transaction synchronization
18:11:48,263 TRACE TransactionSynchronizationManager:243 - Removed value [org.springframework.orm.jpa.EntityManagerHolder@422123df] for key [org.springframework.orm.jpa.LocalContainerEntityManagerFactoryBean@e686764] from thread [2019051976@qtp-1028801535-9]
18:11:48,264 TRACE TransactionSynchronizationManager:193 - Bound value [org.springframework.orm.jpa.EntityManagerHolder@3e85675c] for key [org.springframework.orm.jpa.LocalContainerEntityManagerFactoryBean@e686764] to thread [2019051976@qtp-1028801535-9]
18:11:48,264 TRACE TransactionSynchronizationManager:272 - Initializing transaction synchronization
18:11:48,264 TRACE AnnotationTransactionAspect:363 - Getting transaction for [com.pduda.tourney.domain.service.DefaultTourneyHandler.getTournament]
18:11:48,265 TRACE TransactionSynchronizationManager:140 - Retrieved value [org.springframework.orm.jpa.EntityManagerHolder@3e85675c] for key [org.springframework.orm.jpa.LocalContainerEntityManagerFactoryBean@e686764] bound to thread [2019051976@qtp-1028801535-9]
18:11:48,314 TRACE AnnotationTransactionAspect:392 - Completing transaction for [com.pduda.tourney.domain.service.DefaultTourneyHandler.getTournament]
18:11:48,316 TRACE TransactionSynchronizationManager:331 - Clearing transaction synchronization
18:11:48,316 TRACE TransactionSynchronizationManager:243 - Removed value [org.springframework.orm.jpa.EntityManagerHolder@3e85675c] for key [org.springframework.orm.jpa.LocalContainerEntityManagerFactoryBean@e686764] from thread [2019051976@qtp-1028801535-9]
18:11:52,106 DEBUG AnnotationTransactionAttributeSource:106 - Adding transactional method 'startGame' with attribute: PROPAGATION_REQUIRED,ISOLATION_DEFAULT; ''
18:11:52,107 TRACE TransactionSynchronizationManager:193 - Bound value [org.springframework.orm.jpa.EntityManagerHolder@328a48bc] for key [org.springframework.orm.jpa.LocalContainerEntityManagerFactoryBean@e686764] to thread [2019051976@qtp-1028801535-9]
18:11:52,107 TRACE TransactionSynchronizationManager:272 - Initializing transaction synchronization
18:11:52,107 TRACE AnnotationTransactionAspect:363 - Getting transaction for [com.pduda.tourney.domain.service.DefaultTourneyHandler.startGame]
18:11:52,107 TRACE TransactionSynchronizationManager:140 - Retrieved value [org.springframework.orm.jpa.EntityManagerHolder@328a48bc] for key [org.springframework.orm.jpa.LocalContainerEntityManagerFactoryBean@e686764] bound to thread [2019051976@qtp-1028801535-9]
18:11:52,151 TRACE AnnotationTransactionAspect:392 - Completing transaction for [com.pduda.tourney.domain.service.DefaultTourneyHandler.startGame]
18:11:52,155 TRACE TransactionSynchronizationManager:331 - Clearing transaction synchronization
18:11:52,155 TRACE TransactionSynchronizationManager:243 - Removed value [org.springframework.orm.jpa.EntityManagerHolder@328a48bc] for key [org.springframework.orm.jpa.LocalContainerEntityManagerFactoryBean@e686764] from thread [2019051976@qtp-1028801535-9]
18:11:52,156 TRACE TransactionSynchronizationManager:193 - Bound value [org.springframework.orm.jpa.EntityManagerHolder@9c61ccf] for key [org.springframework.orm.jpa.LocalContainerEntityManagerFactoryBean@e686764] to thread [2019051976@qtp-1028801535-9]
18:11:52,156 TRACE TransactionSynchronizationManager:272 - Initializing transaction synchronization
18:11:52,156 TRACE AnnotationTransactionAspect:363 - Getting transaction for [com.pduda.tourney.domain.service.DefaultTourneyHandler.getTournament]
18:11:52,156 TRACE TransactionSynchronizationManager:140 - Retrieved value [org.springframework.orm.jpa.EntityManagerHolder@9c61ccf] for key [org.springframework.orm.jpa.LocalContainerEntityManagerFactoryBean@e686764] bound to thread [2019051976@qtp-1028801535-9]
18:11:52,198 TRACE AnnotationTransactionAspect:392 - Completing transaction for [com.pduda.tourney.domain.service.DefaultTourneyHandler.getTournament]
18:11:52,201 TRACE TransactionSynchronizationManager:331 - Clearing transaction synchronization
18:11:52,201 TRACE TransactionSynchronizationManager:243 - Removed value [org.springframework.orm.jpa.EntityManagerHolder@9c61ccf] for key [org.springframework.orm.jpa.LocalContainerEntityManagerFactoryBean@e686764] from thread [2019051976@qtp-1028801535-9]
18:11:54,636 TRACE TransactionSynchronizationManager:193 - Bound value [org.springframework.orm.jpa.EntityManagerHolder@5f8f0640] for key [org.springframework.orm.jpa.LocalContainerEntityManagerFactoryBean@e686764] to thread [2019051976@qtp-1028801535-9]
18:11:54,636 TRACE TransactionSynchronizationManager:272 - Initializing transaction synchronization
18:11:54,636 TRACE AnnotationTransactionAspect:363 - Getting transaction for [com.pduda.tourney.domain.service.DefaultTourneyHandler.startGame]
18:11:54,636 TRACE TransactionSynchronizationManager:140 - Retrieved value [org.springframework.orm.jpa.EntityManagerHolder@5f8f0640] for key [org.springframework.orm.jpa.LocalContainerEntityManagerFactoryBean@e686764] bound to thread [2019051976@qtp-1028801535-9]
18:11:54,667 TRACE AnnotationTransactionAspect:392 - Completing transaction for [com.pduda.tourney.domain.service.DefaultTourneyHandler.startGame]
18:11:54,670 TRACE TransactionSynchronizationManager:331 - Clearing transaction synchronization
18:11:54,670 TRACE TransactionSynchronizationManager:243 - Removed value [org.springframework.orm.jpa.EntityManagerHolder@5f8f0640] for key [org.springframework.orm.jpa.LocalContainerEntityManagerFactoryBean@e686764] from thread [2019051976@qtp-1028801535-9]
18:11:54,671 TRACE TransactionSynchronizationManager:193 - Bound value [org.springframework.orm.jpa.EntityManagerHolder@732a3b3d] for key [org.springframework.orm.jpa.LocalContainerEntityManagerFactoryBean@e686764] to thread [2019051976@qtp-1028801535-9]
18:11:54,671 TRACE TransactionSynchronizationManager:272 - Initializing transaction synchronization
18:11:54,671 TRACE AnnotationTransactionAspect:363 - Getting transaction for [com.pduda.tourney.domain.service.DefaultTourneyHandler.getTournament]
18:11:54,672 TRACE TransactionSynchronizationManager:140 - Retrieved value [org.springframework.orm.jpa.EntityManagerHolder@732a3b3d] for key [org.springframework.orm.jpa.LocalContainerEntityManagerFactoryBean@e686764] bound to thread [2019051976@qtp-1028801535-9]
18:11:54,700 TRACE AnnotationTransactionAspect:392 - Completing transaction for [com.pduda.tourney.domain.service.DefaultTourneyHandler.getTournament]
18:11:54,703 TRACE TransactionSynchronizationManager:331 - Clearing transaction synchronization
18:11:54,703 TRACE TransactionSynchronizationManager:243 - Removed value [org.springframework.orm.jpa.EntityManagerHolder@732a3b3d] for key [org.springframework.orm.jpa.LocalContainerEntityManagerFactoryBean@e686764] from thread [2019051976@qtp-1028801535-9]
18:11:56,110 DEBUG AnnotationTransactionAttributeSource:106 - Adding transactional method 'reportWinner' with attribute: PROPAGATION_REQUIRED,ISOLATION_DEFAULT; ''
18:11:56,111 TRACE TransactionSynchronizationManager:193 - Bound value [org.springframework.orm.jpa.EntityManagerHolder@28ccdd39] for key [org.springframework.orm.jpa.LocalContainerEntityManagerFactoryBean@e686764] to thread [2019051976@qtp-1028801535-9]
18:11:56,111 TRACE TransactionSynchronizationManager:272 - Initializing transaction synchronization
18:11:56,111 TRACE AnnotationTransactionAspect:363 - Getting transaction for [com.pduda.tourney.domain.service.DefaultTourneyHandler.reportWinner]
18:11:56,111 TRACE TransactionSynchronizationManager:140 - Retrieved value [org.springframework.orm.jpa.EntityManagerHolder@28ccdd39] for key [org.springframework.orm.jpa.LocalContainerEntityManagerFactoryBean@e686764] bound to thread [2019051976@qtp-1028801535-9]
18:11:56,147 TRACE AnnotationTransactionAspect:392 - Completing transaction for [com.pduda.tourney.domain.service.DefaultTourneyHandler.reportWinner]
18:11:56,152 TRACE TransactionSynchronizationManager:331 - Clearing transaction synchronization
18:11:56,152 TRACE TransactionSynchronizationManager:243 - Removed value [org.springframework.orm.jpa.EntityManagerHolder@28ccdd39] for key [org.springframework.orm.jpa.LocalContainerEntityManagerFactoryBean@e686764] from thread [2019051976@qtp-1028801535-9]
18:11:56,153 TRACE TransactionSynchronizationManager:193 - Bound value [org.springframework.orm.jpa.EntityManagerHolder@7343425d] for key [org.springframework.orm.jpa.LocalContainerEntityManagerFactoryBean@e686764] to thread [2019051976@qtp-1028801535-9]
18:11:56,153 TRACE TransactionSynchronizationManager:272 - Initializing transaction synchronization
18:11:56,153 TRACE AnnotationTransactionAspect:363 - Getting transaction for [com.pduda.tourney.domain.service.DefaultTourneyHandler.getTournament]
18:11:56,154 TRACE TransactionSynchronizationManager:140 - Retrieved value [org.springframework.orm.jpa.EntityManagerHolder@7343425d] for key [org.springframework.orm.jpa.LocalContainerEntityManagerFactoryBean@e686764] bound to thread [2019051976@qtp-1028801535-9]
18:11:56,183 TRACE AnnotationTransactionAspect:392 - Completing transaction for [com.pduda.tourney.domain.service.DefaultTourneyHandler.getTournament]
18:11:56,186 TRACE TransactionSynchronizationManager:331 - Clearing transaction synchronization
18:11:56,186 TRACE TransactionSynchronizationManager:243 - Removed value [org.springframework.orm.jpa.EntityManagerHolder@7343425d] for key [org.springframework.orm.jpa.LocalContainerEntityManagerFactoryBean@e686764] from thread [2019051976@qtp-1028801535-9]
18:11:56,962 TRACE TransactionSynchronizationManager:193 - Bound value [org.springframework.orm.jpa.EntityManagerHolder@e21be00] for key [org.springframework.orm.jpa.LocalContainerEntityManagerFactoryBean@e686764] to thread [2019051976@qtp-1028801535-9]
18:11:56,962 TRACE TransactionSynchronizationManager:272 - Initializing transaction synchronization
18:11:56,962 TRACE AnnotationTransactionAspect:363 - Getting transaction for [com.pduda.tourney.domain.service.DefaultTourneyHandler.reportWinner]
18:11:56,962 TRACE TransactionSynchronizationManager:140 - Retrieved value [org.springframework.orm.jpa.EntityManagerHolder@e21be00] for key [org.springframework.orm.jpa.LocalContainerEntityManagerFactoryBean@e686764] bound to thread [2019051976@qtp-1028801535-9]
18:11:56,991 TRACE AnnotationTransactionAspect:392 - Completing transaction for [com.pduda.tourney.domain.service.DefaultTourneyHandler.reportWinner]
18:11:56,995 TRACE TransactionSynchronizationManager:331 - Clearing transaction synchronization
18:11:56,995 TRACE TransactionSynchronizationManager:243 - Removed value [org.springframework.orm.jpa.EntityManagerHolder@e21be00] for key [org.springframework.orm.jpa.LocalContainerEntityManagerFactoryBean@e686764] from thread [2019051976@qtp-1028801535-9]
18:11:56,996 TRACE TransactionSynchronizationManager:193 - Bound value [org.springframework.orm.jpa.EntityManagerHolder@7a13199f] for key [org.springframework.orm.jpa.LocalContainerEntityManagerFactoryBean@e686764] to thread [2019051976@qtp-1028801535-9]
18:11:56,996 TRACE TransactionSynchronizationManager:272 - Initializing transaction synchronization
18:11:56,996 TRACE AnnotationTransactionAspect:363 - Getting transaction for [com.pduda.tourney.domain.service.DefaultTourneyHandler.getTournament]
18:11:56,997 TRACE TransactionSynchronizationManager:140 - Retrieved value [org.springframework.orm.jpa.EntityManagerHolder@7a13199f] for key [org.springframework.orm.jpa.LocalContainerEntityManagerFactoryBean@e686764] bound to thread [2019051976@qtp-1028801535-9]
18:11:57,022 TRACE AnnotationTransactionAspect:392 - Completing transaction for [com.pduda.tourney.domain.service.DefaultTourneyHandler.getTournament]
18:11:57,025 TRACE TransactionSynchronizationManager:331 - Clearing transaction synchronization
18:11:57,025 TRACE TransactionSynchronizationManager:243 - Removed value [org.springframework.orm.jpa.EntityManagerHolder@7a13199f] for key [org.springframework.orm.jpa.LocalContainerEntityManagerFactoryBean@e686764] from thread [2019051976@qtp-1028801535-9]
18:12:38,229  INFO XmlWebApplicationContext:1025 - Closing Root WebApplicationContext: startup date [Fri Aug 24 18:08:33 CEST 2012]; root of context hierarchy
18:12:38,230  INFO DefaultListableBeanFactory:433 - Destroying singletons in org.springframework.beans.factory.support.DefaultListableBeanFactory@3626e41a: defining beans [org.springframework.context.config.internalBeanConfigurerAspect,org.springframework.context.annotation.internalConfigurationAnnotationProcessor,org.springframework.context.annotation.internalAutowiredAnnotationProcessor,org.springframework.context.annotation.internalRequiredAnnotationProcessor,org.springframework.context.annotation.internalCommonAnnotationProcessor,org.springframework.context.annotation.internalPersistenceAnnotationProcessor,org.springframework.transaction.config.internalTransactionAspect,rankingCsvLoader,rankings,jpaTourneyRepo,standingsTextReport,wkpsMembership,csvWkpsMembershipReader,wkpsFeeCalculator,defaultFeeHandler,defaultRankingHandler,defaultTourneyHandler,org.springframework.beans.factory.config.PropertyPlaceholderConfigurer#0,dataSource,entityManagerFactory,transactionManager,payments,app,ranking,tourneyMgmt,fullSeedingStrategy,partialSeedingStrategy,seedingStrategyFactory,seededTotalCalculator,randomSeedingStrategy,tourneyCreation,tourneyView,home,org.springframework.beans.factory.config.CustomScopeConfigurer#0,org.springframework.context.annotation.ConfigurationClassPostProcessor$ImportAwareBeanPostProcessor#0]; root of factory hierarchy
18:12:38,233  INFO LocalContainerEntityManagerFactoryBean:441 - Closing JPA EntityManagerFactory for persistence unit 'tourney-PU'
